mode: set
github.com/carverauto/gofr-nats/client.go:35.34,36.47 1 1
github.com/carverauto/gofr-nats/client.go:36.47,38.3 1 0
github.com/carverauto/gofr-nats/client.go:40.2,41.46 2 1
github.com/carverauto/gofr-nats/client.go:41.46,44.3 2 1
github.com/carverauto/gofr-nats/client.go:46.2,49.16 3 1
github.com/carverauto/gofr-nats/client.go:49.16,51.3 1 0
github.com/carverauto/gofr-nats/client.go:53.2,57.12 4 1
github.com/carverauto/gofr-nats/client.go:60.45,61.50 1 1
github.com/carverauto/gofr-nats/client.go:61.50,65.3 2 1
github.com/carverauto/gofr-nats/client.go:67.2,67.12 1 1
github.com/carverauto/gofr-nats/client.go:70.44,71.21 1 1
github.com/carverauto/gofr-nats/client.go:71.21,73.3 1 1
github.com/carverauto/gofr-nats/client.go:77.40,78.41 1 1
github.com/carverauto/gofr-nats/client.go:78.41,80.3 1 1
github.com/carverauto/gofr-nats/client.go:84.40,85.40 1 1
github.com/carverauto/gofr-nats/client.go:85.40,87.3 1 1
github.com/carverauto/gofr-nats/client.go:91.42,92.36 1 1
github.com/carverauto/gofr-nats/client.go:92.36,94.3 1 1
github.com/carverauto/gofr-nats/client.go:98.85,100.2 1 1
github.com/carverauto/gofr-nats/client.go:103.88,105.16 2 1
github.com/carverauto/gofr-nats/client.go:105.16,107.3 1 0
github.com/carverauto/gofr-nats/client.go:109.2,109.78 1 1
github.com/carverauto/gofr-nats/client.go:112.62,114.2 1 1
github.com/carverauto/gofr-nats/client.go:116.106,124.16 5 1
github.com/carverauto/gofr-nats/client.go:124.16,126.3 1 0
github.com/carverauto/gofr-nats/client.go:128.2,131.16 3 1
github.com/carverauto/gofr-nats/client.go:131.16,133.3 1 0
github.com/carverauto/gofr-nats/client.go:136.2,139.12 3 1
github.com/carverauto/gofr-nats/client.go:139.12,142.3 2 1
github.com/carverauto/gofr-nats/client.go:144.2,144.12 1 1
github.com/carverauto/gofr-nats/client.go:147.61,148.56 1 1
github.com/carverauto/gofr-nats/client.go:148.56,151.3 2 1
github.com/carverauto/gofr-nats/client.go:155.105,163.16 2 1
github.com/carverauto/gofr-nats/client.go:163.16,166.3 2 0
github.com/carverauto/gofr-nats/client.go:168.2,168.18 1 1
github.com/carverauto/gofr-nats/client.go:171.120,172.6 1 1
github.com/carverauto/gofr-nats/client.go:172.6,173.10 1 1
github.com/carverauto/gofr-nats/client.go:174.21,175.10 1 0
github.com/carverauto/gofr-nats/client.go:176.11,178.18 2 1
github.com/carverauto/gofr-nats/client.go:178.18,179.50 1 0
github.com/carverauto/gofr-nats/client.go:179.50,181.6 1 0
github.com/carverauto/gofr-nats/client.go:183.5,183.13 1 0
github.com/carverauto/gofr-nats/client.go:186.4,186.37 1 1
github.com/carverauto/gofr-nats/client.go:186.37,187.62 1 1
github.com/carverauto/gofr-nats/client.go:187.62,189.6 1 1
github.com/carverauto/gofr-nats/client.go:192.4,192.39 1 1
github.com/carverauto/gofr-nats/client.go:192.39,194.5 1 0
github.com/carverauto/gofr-nats/client.go:199.102,201.16 2 1
github.com/carverauto/gofr-nats/client.go:201.16,202.41 1 1
github.com/carverauto/gofr-nats/client.go:202.41,205.4 2 0
github.com/carverauto/gofr-nats/client.go:207.3,207.13 1 1
github.com/carverauto/gofr-nats/client.go:210.2,212.40 2 1
github.com/carverauto/gofr-nats/client.go:212.40,216.3 2 0
github.com/carverauto/gofr-nats/client.go:218.2,218.12 1 1
github.com/carverauto/gofr-nats/client.go:222.51,225.26 2 1
github.com/carverauto/gofr-nats/client.go:225.26,227.3 1 1
github.com/carverauto/gofr-nats/client.go:229.2,229.12 1 1
github.com/carverauto/gofr-nats/client.go:233.70,238.2 1 1
github.com/carverauto/gofr-nats/client.go:241.70,243.2 1 1
github.com/carverauto/gofr-nats/client.go:246.76,248.2 1 1
github.com/carverauto/gofr-nats/client.go:251.71,253.2 1 1
github.com/carverauto/gofr-nats/client.go:256.115,258.2 1 1
github.com/carverauto/gofr-nats/client.go:261.77,263.16 2 1
github.com/carverauto/gofr-nats/client.go:263.16,265.3 1 1
github.com/carverauto/gofr-nats/client.go:267.2,267.26 1 1
github.com/carverauto/gofr-nats/committer.go:10.60,12.2 1 1
github.com/carverauto/gofr-nats/committer.go:20.34,21.36 1 1
github.com/carverauto/gofr-nats/committer.go:21.36,25.37 2 1
github.com/carverauto/gofr-nats/committer.go:25.37,27.4 1 1
github.com/carverauto/gofr-nats/committer.go:29.3,29.9 1 1
github.com/carverauto/gofr-nats/committer.go:34.37,36.2 1 1
github.com/carverauto/gofr-nats/committer.go:39.42,41.2 1 1
github.com/carverauto/gofr-nats/config.go:30.60,31.16 1 1
github.com/carverauto/gofr-nats/config.go:31.16,33.3 1 0
github.com/carverauto/gofr-nats/config.go:35.2,35.24 1 1
github.com/carverauto/gofr-nats/config.go:35.24,37.3 1 0
github.com/carverauto/gofr-nats/config.go:39.2,45.39 2 1
github.com/carverauto/gofr-nats/config.go:49.42,50.23 1 1
github.com/carverauto/gofr-nats/config.go:50.23,52.3 1 1
github.com/carverauto/gofr-nats/config.go:54.2,54.36 1 1
github.com/carverauto/gofr-nats/config.go:54.36,56.3 1 0
github.com/carverauto/gofr-nats/config.go:58.2,58.25 1 1
github.com/carverauto/gofr-nats/config.go:58.25,60.3 1 0
github.com/carverauto/gofr-nats/config.go:62.2,62.12 1 1
github.com/carverauto/gofr-nats/config.go:66.30,76.2 1 0
github.com/carverauto/gofr-nats/connection_manager.go:28.71,29.25 1 1
github.com/carverauto/gofr-nats/connection_manager.go:29.25,31.3 1 1
github.com/carverauto/gofr-nats/connection_manager.go:33.2,33.26 1 1
github.com/carverauto/gofr-nats/connection_manager.go:41.48,43.2 1 1
github.com/carverauto/gofr-nats/connection_manager.go:45.35,47.2 1 1
github.com/carverauto/gofr-nats/connection_manager.go:49.49,51.2 1 1
github.com/carverauto/gofr-nats/connection_manager.go:53.68,55.2 1 1
github.com/carverauto/gofr-nats/connection_manager.go:62.56,64.19 1 1
github.com/carverauto/gofr-nats/connection_manager.go:64.19,65.30 1 0
github.com/carverauto/gofr-nats/connection_manager.go:68.2,68.26 1 1
github.com/carverauto/gofr-nats/connection_manager.go:68.26,70.3 1 0
github.com/carverauto/gofr-nats/connection_manager.go:72.2,72.29 1 1
github.com/carverauto/gofr-nats/connection_manager.go:72.29,74.3 1 0
github.com/carverauto/gofr-nats/connection_manager.go:76.2,81.3 1 1
github.com/carverauto/gofr-nats/connection_manager.go:85.46,90.31 3 1
github.com/carverauto/gofr-nats/connection_manager.go:90.31,92.3 1 0
github.com/carverauto/gofr-nats/connection_manager.go:94.2,95.16 2 1
github.com/carverauto/gofr-nats/connection_manager.go:95.16,99.3 2 1
github.com/carverauto/gofr-nats/connection_manager.go:101.2,102.16 2 1
github.com/carverauto/gofr-nats/connection_manager.go:102.16,107.3 3 0
github.com/carverauto/gofr-nats/connection_manager.go:109.2,112.12 3 1
github.com/carverauto/gofr-nats/connection_manager.go:115.57,119.20 3 1
github.com/carverauto/gofr-nats/connection_manager.go:119.20,121.3 1 1
github.com/carverauto/gofr-nats/connection_manager.go:124.114,127.54 2 1
github.com/carverauto/gofr-nats/connection_manager.go:127.54,129.3 1 0
github.com/carverauto/gofr-nats/connection_manager.go:131.2,132.16 2 1
github.com/carverauto/gofr-nats/connection_manager.go:132.16,135.3 2 0
github.com/carverauto/gofr-nats/connection_manager.go:137.2,139.12 2 1
github.com/carverauto/gofr-nats/connection_manager.go:142.70,143.42 1 1
github.com/carverauto/gofr-nats/connection_manager.go:143.42,148.3 3 1
github.com/carverauto/gofr-nats/connection_manager.go:150.2,150.12 1 1
github.com/carverauto/gofr-nats/connection_manager.go:153.57,154.20 1 1
github.com/carverauto/gofr-nats/connection_manager.go:154.20,158.3 1 1
github.com/carverauto/gofr-nats/connection_manager.go:160.2,161.30 2 1
github.com/carverauto/gofr-nats/connection_manager.go:161.30,168.3 1 1
github.com/carverauto/gofr-nats/connection_manager.go:170.2,175.3 1 1
github.com/carverauto/gofr-nats/connectors.go:11.100,13.16 2 1
github.com/carverauto/gofr-nats/connectors.go:13.16,15.3 1 1
github.com/carverauto/gofr-nats/connectors.go:17.2,17.34 1 1
github.com/carverauto/gofr-nats/connectors.go:22.86,24.2 1 1
github.com/carverauto/gofr-nats/health.go:18.45,19.26 1 1
github.com/carverauto/gofr-nats/health.go:19.26,23.3 1 0
github.com/carverauto/gofr-nats/health.go:25.2,29.16 4 1
github.com/carverauto/gofr-nats/health.go:29.16,34.3 3 1
github.com/carverauto/gofr-nats/health.go:37.2,41.15 4 1
github.com/carverauto/gofr-nats/message.go:13.75,18.2 1 1
github.com/carverauto/gofr-nats/message.go:20.35,21.39 1 1
github.com/carverauto/gofr-nats/message.go:21.39,23.3 1 1
github.com/carverauto/gofr-nats/mock_client.go:35.71,39.2 3 1
github.com/carverauto/gofr-nats/mock_client.go:42.69,44.2 1 1
github.com/carverauto/gofr-nats/mock_client.go:47.37,50.2 2 1
github.com/carverauto/gofr-nats/mock_client.go:53.63,56.2 2 1
github.com/carverauto/gofr-nats/mock_client.go:59.70,65.2 5 1
github.com/carverauto/gofr-nats/mock_client.go:68.67,71.2 2 1
github.com/carverauto/gofr-nats/mock_client.go:74.51,79.2 4 0
github.com/carverauto/gofr-nats/mock_client.go:82.66,85.2 2 0
github.com/carverauto/gofr-nats/mock_client.go:88.50,93.2 4 1
github.com/carverauto/gofr-nats/mock_client.go:96.64,99.2 2 1
github.com/carverauto/gofr-nats/mock_client.go:113.71,117.2 3 1
github.com/carverauto/gofr-nats/mock_client.go:120.69,122.2 1 1
github.com/carverauto/gofr-nats/mock_client.go:125.94,128.25 3 1
github.com/carverauto/gofr-nats/mock_client.go:128.25,130.3 1 1
github.com/carverauto/gofr-nats/mock_client.go:131.2,134.19 4 1
github.com/carverauto/gofr-nats/mock_client.go:138.86,142.2 3 1
github.com/carverauto/gofr-nats/mock_client.go:156.77,160.2 3 1
github.com/carverauto/gofr-nats/mock_client.go:163.75,165.2 1 1
github.com/carverauto/gofr-nats/mock_client.go:168.85,174.2 5 1
github.com/carverauto/gofr-nats/mock_client.go:177.72,180.2 2 1
github.com/carverauto/gofr-nats/mock_client.go:194.75,198.2 3 0
github.com/carverauto/gofr-nats/mock_client.go:201.73,203.2 1 0
github.com/carverauto/gofr-nats/mock_client.go:206.64,211.2 4 0
github.com/carverauto/gofr-nats/mock_client.go:214.72,217.2 2 0
github.com/carverauto/gofr-nats/mock_client.go:220.127,226.2 5 0
github.com/carverauto/gofr-nats/mock_client.go:229.92,232.2 2 0
github.com/carverauto/gofr-nats/mock_client.go:235.89,240.2 4 0
github.com/carverauto/gofr-nats/mock_client.go:243.84,246.2 2 0
github.com/carverauto/gofr-nats/mock_client.go:249.84,254.2 4 0
github.com/carverauto/gofr-nats/mock_client.go:257.85,260.2 2 0
github.com/carverauto/gofr-nats/mock_client.go:263.58,268.2 4 0
github.com/carverauto/gofr-nats/mock_client.go:271.66,274.2 2 0
github.com/carverauto/gofr-nats/mock_client.go:277.98,282.2 4 0
github.com/carverauto/gofr-nats/mock_client.go:285.92,288.2 2 0
github.com/carverauto/gofr-nats/mock_client.go:291.108,296.2 4 0
github.com/carverauto/gofr-nats/mock_client.go:299.94,302.2 2 0
github.com/carverauto/gofr-nats/mock_client.go:316.97,320.2 3 1
github.com/carverauto/gofr-nats/mock_client.go:323.95,325.2 1 1
github.com/carverauto/gofr-nats/mock_client.go:328.69,331.2 2 1
github.com/carverauto/gofr-nats/mock_client.go:334.83,337.2 2 1
github.com/carverauto/gofr-nats/mock_client.go:340.58,345.2 4 0
github.com/carverauto/gofr-nats/mock_client.go:348.78,351.2 2 0
github.com/carverauto/gofr-nats/mock_client.go:354.69,359.2 4 1
github.com/carverauto/gofr-nats/mock_client.go:362.77,365.2 2 1
github.com/carverauto/gofr-nats/mock_client.go:368.83,374.2 5 1
github.com/carverauto/gofr-nats/mock_client.go:377.80,380.2 2 1
github.com/carverauto/gofr-nats/mock_client.go:383.126,388.2 4 1
github.com/carverauto/gofr-nats/mock_client.go:391.112,394.2 2 1
github.com/carverauto/gofr-nats/mock_client.go:408.101,412.2 3 1
github.com/carverauto/gofr-nats/mock_client.go:415.99,417.2 1 1
github.com/carverauto/gofr-nats/mock_client.go:420.52,423.2 2 1
github.com/carverauto/gofr-nats/mock_client.go:426.78,429.2 2 1
github.com/carverauto/gofr-nats/mock_client.go:432.190,438.2 5 1
github.com/carverauto/gofr-nats/mock_client.go:441.122,444.2 2 1
github.com/carverauto/gofr-nats/mock_client.go:458.89,462.2 3 1
github.com/carverauto/gofr-nats/mock_client.go:465.87,467.2 1 1
github.com/carverauto/gofr-nats/mock_client.go:470.135,476.2 5 1
github.com/carverauto/gofr-nats/mock_client.go:479.99,482.2 2 1
github.com/carverauto/gofr-nats/mock_client.go:485.96,490.2 4 1
github.com/carverauto/gofr-nats/mock_client.go:493.91,496.2 2 1
github.com/carverauto/gofr-nats/mock_client.go:499.91,504.2 4 1
github.com/carverauto/gofr-nats/mock_client.go:507.92,510.2 2 1
github.com/carverauto/gofr-nats/mock_jetstream.go:34.63,38.2 3 1
github.com/carverauto/gofr-nats/mock_jetstream.go:41.61,43.2 1 1
github.com/carverauto/gofr-nats/mock_jetstream.go:46.91,52.2 5 1
github.com/carverauto/gofr-nats/mock_jetstream.go:55.73,58.2 2 1
github.com/carverauto/gofr-nats/mock_jetstream.go:61.44,64.2 2 0
github.com/carverauto/gofr-nats/mock_jetstream.go:67.70,70.2 2 0
github.com/carverauto/gofr-nats/mock_jetstream.go:73.103,79.2 5 0
github.com/carverauto/gofr-nats/mock_jetstream.go:82.82,85.2 2 0
github.com/carverauto/gofr-nats/mock_jetstream.go:88.134,94.2 5 0
github.com/carverauto/gofr-nats/mock_jetstream.go:97.88,100.2 2 0
github.com/carverauto/gofr-nats/mock_jetstream.go:103.121,109.2 5 0
github.com/carverauto/gofr-nats/mock_jetstream.go:112.82,115.2 2 0
github.com/carverauto/gofr-nats/mock_jetstream.go:118.130,124.2 5 0
github.com/carverauto/gofr-nats/mock_jetstream.go:127.85,130.2 2 0
github.com/carverauto/gofr-nats/mock_jetstream.go:133.142,139.2 5 1
github.com/carverauto/gofr-nats/mock_jetstream.go:142.96,145.2 2 1
github.com/carverauto/gofr-nats/mock_jetstream.go:148.129,154.2 5 0
github.com/carverauto/gofr-nats/mock_jetstream.go:157.90,160.2 2 0
github.com/carverauto/gofr-nats/mock_jetstream.go:163.138,169.2 5 0
github.com/carverauto/gofr-nats/mock_jetstream.go:172.93,175.2 2 0
github.com/carverauto/gofr-nats/mock_jetstream.go:178.123,184.2 5 1
github.com/carverauto/gofr-nats/mock_jetstream.go:187.88,190.2 2 1
github.com/carverauto/gofr-nats/mock_jetstream.go:193.115,199.2 5 1
github.com/carverauto/gofr-nats/mock_jetstream.go:202.80,205.2 2 1
github.com/carverauto/gofr-nats/mock_jetstream.go:208.87,213.2 4 0
github.com/carverauto/gofr-nats/mock_jetstream.go:216.88,219.2 2 0
github.com/carverauto/gofr-nats/mock_jetstream.go:222.81,227.2 4 0
github.com/carverauto/gofr-nats/mock_jetstream.go:230.82,233.2 2 0
github.com/carverauto/gofr-nats/mock_jetstream.go:236.84,241.2 4 0
github.com/carverauto/gofr-nats/mock_jetstream.go:244.85,247.2 2 0
github.com/carverauto/gofr-nats/mock_jetstream.go:250.79,255.2 4 1
github.com/carverauto/gofr-nats/mock_jetstream.go:258.80,261.2 2 1
github.com/carverauto/gofr-nats/mock_jetstream.go:264.97,270.2 5 0
github.com/carverauto/gofr-nats/mock_jetstream.go:273.76,276.2 2 0
github.com/carverauto/gofr-nats/mock_jetstream.go:279.96,284.2 4 0
github.com/carverauto/gofr-nats/mock_jetstream.go:287.80,290.2 2 0
github.com/carverauto/gofr-nats/mock_jetstream.go:293.87,298.2 4 0
github.com/carverauto/gofr-nats/mock_jetstream.go:301.76,304.2 2 0
github.com/carverauto/gofr-nats/mock_jetstream.go:307.119,310.25 3 0
github.com/carverauto/gofr-nats/mock_jetstream.go:310.25,312.3 1 0
github.com/carverauto/gofr-nats/mock_jetstream.go:313.2,315.13 3 0
github.com/carverauto/gofr-nats/mock_jetstream.go:319.86,323.2 3 0
github.com/carverauto/gofr-nats/mock_jetstream.go:326.103,332.2 5 0
github.com/carverauto/gofr-nats/mock_jetstream.go:335.79,338.2 2 0
github.com/carverauto/gofr-nats/mock_jetstream.go:341.97,346.2 4 0
github.com/carverauto/gofr-nats/mock_jetstream.go:349.78,352.2 2 0
github.com/carverauto/gofr-nats/mock_jetstream.go:355.89,360.2 4 0
github.com/carverauto/gofr-nats/mock_jetstream.go:363.74,366.2 2 0
github.com/carverauto/gofr-nats/mock_jetstream.go:369.142,375.2 5 0
github.com/carverauto/gofr-nats/mock_jetstream.go:378.89,381.2 2 0
github.com/carverauto/gofr-nats/mock_jetstream.go:384.138,387.25 3 1
github.com/carverauto/gofr-nats/mock_jetstream.go:387.25,389.3 1 0
github.com/carverauto/gofr-nats/mock_jetstream.go:390.2,393.19 4 1
github.com/carverauto/gofr-nats/mock_jetstream.go:397.94,401.2 3 1
github.com/carverauto/gofr-nats/mock_jetstream.go:404.126,407.25 3 0
github.com/carverauto/gofr-nats/mock_jetstream.go:407.25,409.3 1 0
github.com/carverauto/gofr-nats/mock_jetstream.go:410.2,413.19 4 0
github.com/carverauto/gofr-nats/mock_jetstream.go:417.93,421.2 3 0
github.com/carverauto/gofr-nats/mock_jetstream.go:424.64,429.2 4 0
github.com/carverauto/gofr-nats/mock_jetstream.go:432.74,435.2 2 0
github.com/carverauto/gofr-nats/mock_jetstream.go:438.51,443.2 4 0
github.com/carverauto/gofr-nats/mock_jetstream.go:446.73,449.2 2 0
github.com/carverauto/gofr-nats/mock_jetstream.go:452.131,455.25 3 0
github.com/carverauto/gofr-nats/mock_jetstream.go:455.25,457.3 1 0
github.com/carverauto/gofr-nats/mock_jetstream.go:458.2,461.19 4 0
github.com/carverauto/gofr-nats/mock_jetstream.go:465.91,469.2 3 0
github.com/carverauto/gofr-nats/mock_jetstream.go:472.119,475.25 3 0
github.com/carverauto/gofr-nats/mock_jetstream.go:475.25,477.3 1 0
github.com/carverauto/gofr-nats/mock_jetstream.go:478.2,481.19 4 0
github.com/carverauto/gofr-nats/mock_jetstream.go:485.90,489.2 3 0
github.com/carverauto/gofr-nats/mock_jetstream.go:492.93,498.2 5 1
github.com/carverauto/gofr-nats/mock_jetstream.go:501.74,504.2 2 1
github.com/carverauto/gofr-nats/mock_jetstream.go:507.96,513.2 5 0
github.com/carverauto/gofr-nats/mock_jetstream.go:516.87,519.2 2 0
github.com/carverauto/gofr-nats/mock_jetstream.go:522.119,525.25 3 0
github.com/carverauto/gofr-nats/mock_jetstream.go:525.25,527.3 1 0
github.com/carverauto/gofr-nats/mock_jetstream.go:528.2,530.13 3 0
github.com/carverauto/gofr-nats/mock_jetstream.go:534.86,538.2 3 0
github.com/carverauto/gofr-nats/mock_jetstream.go:541.134,547.2 5 0
github.com/carverauto/gofr-nats/mock_jetstream.go:550.88,553.2 2 0
github.com/carverauto/gofr-nats/mock_jetstream.go:556.121,562.2 5 0
github.com/carverauto/gofr-nats/mock_jetstream.go:565.82,568.2 2 0
github.com/carverauto/gofr-nats/mock_jetstream.go:571.130,577.2 5 0
github.com/carverauto/gofr-nats/mock_jetstream.go:580.85,583.2 2 0
github.com/carverauto/gofr-nats/mock_jetstream.go:586.115,592.2 5 0
github.com/carverauto/gofr-nats/mock_jetstream.go:595.80,598.2 2 0
github.com/carverauto/gofr-nats/mock_jetstream.go:612.57,616.2 3 1
github.com/carverauto/gofr-nats/mock_jetstream.go:619.55,621.2 1 0
github.com/carverauto/gofr-nats/mock_jetstream.go:624.57,629.2 4 0
github.com/carverauto/gofr-nats/mock_jetstream.go:632.61,635.2 2 0
github.com/carverauto/gofr-nats/mock_jetstream.go:638.94,644.2 5 0
github.com/carverauto/gofr-nats/mock_jetstream.go:647.73,650.2 2 0
github.com/carverauto/gofr-nats/mock_jetstream.go:653.87,658.2 4 0
github.com/carverauto/gofr-nats/mock_jetstream.go:661.72,664.2 2 0
github.com/carverauto/gofr-nats/mock_jetstream.go:667.118,673.2 5 0
github.com/carverauto/gofr-nats/mock_jetstream.go:676.79,679.2 2 0
github.com/carverauto/gofr-nats/mock_jetstream.go:682.126,688.2 5 0
github.com/carverauto/gofr-nats/mock_jetstream.go:691.87,694.2 2 0
github.com/carverauto/gofr-nats/mock_jetstream.go:697.78,702.2 4 0
github.com/carverauto/gofr-nats/mock_jetstream.go:705.79,708.2 2 0
github.com/carverauto/gofr-nats/mock_jetstream.go:711.73,716.2 4 0
github.com/carverauto/gofr-nats/mock_jetstream.go:719.74,722.2 2 0
github.com/carverauto/gofr-nats/mock_jetstream.go:725.111,731.2 5 0
github.com/carverauto/gofr-nats/mock_jetstream.go:734.85,737.2 2 0
github.com/carverauto/gofr-nats/mock_jetstream.go:740.126,743.25 3 0
github.com/carverauto/gofr-nats/mock_jetstream.go:743.25,745.3 1 0
github.com/carverauto/gofr-nats/mock_jetstream.go:746.2,749.19 4 0
github.com/carverauto/gofr-nats/mock_jetstream.go:753.84,757.2 3 0
github.com/carverauto/gofr-nats/mock_jetstream.go:760.113,763.25 3 0
github.com/carverauto/gofr-nats/mock_jetstream.go:763.25,765.3 1 0
github.com/carverauto/gofr-nats/mock_jetstream.go:766.2,769.19 4 0
github.com/carverauto/gofr-nats/mock_jetstream.go:773.76,777.2 3 0
github.com/carverauto/gofr-nats/mock_jetstream.go:780.87,785.2 4 0
github.com/carverauto/gofr-nats/mock_jetstream.go:788.72,791.2 2 0
github.com/carverauto/gofr-nats/mock_jetstream.go:794.126,800.2 5 0
github.com/carverauto/gofr-nats/mock_jetstream.go:803.80,806.2 2 0
github.com/carverauto/gofr-nats/mock_jetstream.go:809.90,812.25 3 0
github.com/carverauto/gofr-nats/mock_jetstream.go:812.25,814.3 1 0
github.com/carverauto/gofr-nats/mock_jetstream.go:815.2,817.13 3 0
github.com/carverauto/gofr-nats/mock_jetstream.go:821.77,825.2 3 0
github.com/carverauto/gofr-nats/mock_jetstream.go:828.79,833.2 4 0
github.com/carverauto/gofr-nats/mock_jetstream.go:836.80,839.2 2 0
github.com/carverauto/gofr-nats/mock_jetstream.go:842.118,848.2 5 0
github.com/carverauto/gofr-nats/mock_jetstream.go:851.79,854.2 2 0
github.com/carverauto/gofr-nats/mock_jetstream.go:868.61,872.2 3 1
github.com/carverauto/gofr-nats/mock_jetstream.go:875.59,877.2 1 1
github.com/carverauto/gofr-nats/mock_jetstream.go:880.61,885.2 4 0
github.com/carverauto/gofr-nats/mock_jetstream.go:888.63,891.2 2 0
github.com/carverauto/gofr-nats/mock_jetstream.go:894.131,897.25 3 0
github.com/carverauto/gofr-nats/mock_jetstream.go:897.25,899.3 1 0
github.com/carverauto/gofr-nats/mock_jetstream.go:900.2,903.19 4 0
github.com/carverauto/gofr-nats/mock_jetstream.go:907.81,911.2 3 0
github.com/carverauto/gofr-nats/mock_jetstream.go:914.100,917.25 3 1
github.com/carverauto/gofr-nats/mock_jetstream.go:917.25,919.3 1 1
github.com/carverauto/gofr-nats/mock_jetstream.go:920.2,923.19 4 1
github.com/carverauto/gofr-nats/mock_jetstream.go:927.79,931.2 3 1
github.com/carverauto/gofr-nats/mock_jetstream.go:934.105,937.25 3 0
github.com/carverauto/gofr-nats/mock_jetstream.go:937.25,939.3 1 0
github.com/carverauto/gofr-nats/mock_jetstream.go:940.2,943.19 4 0
github.com/carverauto/gofr-nats/mock_jetstream.go:947.84,951.2 3 0
github.com/carverauto/gofr-nats/mock_jetstream.go:954.78,960.2 5 0
github.com/carverauto/gofr-nats/mock_jetstream.go:963.72,966.2 2 0
github.com/carverauto/gofr-nats/mock_jetstream.go:969.84,975.2 5 0
github.com/carverauto/gofr-nats/mock_jetstream.go:978.65,981.2 2 0
github.com/carverauto/gofr-nats/mock_jetstream.go:984.103,987.25 3 0
github.com/carverauto/gofr-nats/mock_jetstream.go:987.25,989.3 1 0
github.com/carverauto/gofr-nats/mock_jetstream.go:990.2,993.19 4 0
github.com/carverauto/gofr-nats/mock_jetstream.go:997.72,1000.2 2 0
github.com/carverauto/gofr-nats/mock_jetstream.go:1003.80,1006.25 3 0
github.com/carverauto/gofr-nats/mock_jetstream.go:1006.25,1008.3 1 0
github.com/carverauto/gofr-nats/mock_jetstream.go:1009.2,1012.19 4 0
github.com/carverauto/gofr-nats/mock_jetstream.go:1016.68,1019.2 2 0
github.com/carverauto/gofr-nats/mock_jetstream.go:1033.51,1037.2 3 1
github.com/carverauto/gofr-nats/mock_jetstream.go:1040.49,1042.2 1 1
github.com/carverauto/gofr-nats/mock_jetstream.go:1045.31,1050.2 4 1
github.com/carverauto/gofr-nats/mock_jetstream.go:1053.51,1056.2 2 1
github.com/carverauto/gofr-nats/mock_jetstream.go:1059.33,1064.2 4 1
github.com/carverauto/gofr-nats/mock_jetstream.go:1067.52,1070.2 2 1
github.com/carverauto/gofr-nats/mock_jetstream.go:1073.57,1078.2 4 0
github.com/carverauto/gofr-nats/mock_jetstream.go:1081.65,1084.2 2 0
github.com/carverauto/gofr-nats/mock_jetstream.go:1087.41,1092.2 4 1
github.com/carverauto/gofr-nats/mock_jetstream.go:1095.55,1098.2 2 1
github.com/carverauto/gofr-nats/mock_jetstream.go:1101.38,1106.2 4 0
github.com/carverauto/gofr-nats/mock_jetstream.go:1109.58,1112.2 2 0
github.com/carverauto/gofr-nats/mock_jetstream.go:1115.62,1121.2 5 0
github.com/carverauto/gofr-nats/mock_jetstream.go:1124.56,1127.2 2 0
github.com/carverauto/gofr-nats/mock_jetstream.go:1130.31,1135.2 4 1
github.com/carverauto/gofr-nats/mock_jetstream.go:1138.51,1141.2 2 1
github.com/carverauto/gofr-nats/mock_jetstream.go:1144.58,1149.2 4 0
github.com/carverauto/gofr-nats/mock_jetstream.go:1152.68,1155.2 2 0
github.com/carverauto/gofr-nats/mock_jetstream.go:1158.34,1163.2 4 0
github.com/carverauto/gofr-nats/mock_jetstream.go:1166.53,1169.2 2 0
github.com/carverauto/gofr-nats/mock_jetstream.go:1172.36,1177.2 4 0
github.com/carverauto/gofr-nats/mock_jetstream.go:1180.55,1183.2 2 0
github.com/carverauto/gofr-nats/mock_jetstream.go:1186.32,1191.2 4 0
github.com/carverauto/gofr-nats/mock_jetstream.go:1194.52,1197.2 2 0
github.com/carverauto/gofr-nats/mock_jetstream.go:1200.53,1205.2 4 0
github.com/carverauto/gofr-nats/mock_jetstream.go:1208.70,1211.2 2 0
github.com/carverauto/gofr-nats/mock_jetstream.go:1225.69,1229.2 3 1
github.com/carverauto/gofr-nats/mock_jetstream.go:1232.67,1234.2 1 1
github.com/carverauto/gofr-nats/mock_jetstream.go:1237.42,1242.2 4 1
github.com/carverauto/gofr-nats/mock_jetstream.go:1245.62,1248.2 2 1
github.com/carverauto/gofr-nats/mock_jetstream.go:1251.60,1256.2 4 1
github.com/carverauto/gofr-nats/mock_jetstream.go:1259.65,1262.2 2 1
github.com/carverauto/gofr-nats/mock_metrics.go:31.59,35.2 3 1
github.com/carverauto/gofr-nats/mock_metrics.go:38.57,40.2 1 1
github.com/carverauto/gofr-nats/mock_metrics.go:43.92,46.27 3 1
github.com/carverauto/gofr-nats/mock_metrics.go:46.27,48.3 1 1
github.com/carverauto/gofr-nats/mock_metrics.go:49.2,49.48 1 1
github.com/carverauto/gofr-nats/mock_metrics.go:53.96,57.2 3 1
github.com/carverauto/gofr-nats/mock_tracer.go:32.57,36.2 3 0
github.com/carverauto/gofr-nats/mock_tracer.go:39.55,41.2 1 0
github.com/carverauto/gofr-nats/mock_tracer.go:44.124,47.25 3 0
github.com/carverauto/gofr-nats/mock_tracer.go:47.25,49.3 1 0
github.com/carverauto/gofr-nats/mock_tracer.go:50.2,53.19 4 0
github.com/carverauto/gofr-nats/mock_tracer.go:57.83,61.2 3 0
github.com/carverauto/gofr-nats/mock_tracer.go:64.31,67.2 2 0
github.com/carverauto/gofr-nats/mock_tracer.go:70.57,73.2 2 0
github.com/carverauto/gofr-nats/pubsub_wrapper.go:16.90,18.2 1 0
github.com/carverauto/gofr-nats/pubsub_wrapper.go:21.95,23.2 1 0
github.com/carverauto/gofr-nats/pubsub_wrapper.go:26.77,28.2 1 0
github.com/carverauto/gofr-nats/pubsub_wrapper.go:31.77,33.2 1 0
github.com/carverauto/gofr-nats/pubsub_wrapper.go:36.39,39.2 2 0
github.com/carverauto/gofr-nats/pubsub_wrapper.go:42.52,44.2 1 0
github.com/carverauto/gofr-nats/pubsub_wrapper.go:47.35,48.96 1 0
github.com/carverauto/gofr-nats/pubsub_wrapper.go:48.96,52.3 2 0
github.com/carverauto/gofr-nats/pubsub_wrapper.go:54.2,55.16 2 0
github.com/carverauto/gofr-nats/pubsub_wrapper.go:55.16,57.3 1 0
github.com/carverauto/gofr-nats/pubsub_wrapper.go:61.47,63.2 1 0
github.com/carverauto/gofr-nats/pubsub_wrapper.go:66.49,68.2 1 0
github.com/carverauto/gofr-nats/pubsub_wrapper.go:71.47,73.2 1 0
github.com/carverauto/gofr-nats/stream_manager.go:16.84,21.2 1 1
github.com/carverauto/gofr-nats/stream_manager.go:23.84,32.16 4 1
github.com/carverauto/gofr-nats/stream_manager.go:32.16,35.3 2 1
github.com/carverauto/gofr-nats/stream_manager.go:37.2,37.12 1 1
github.com/carverauto/gofr-nats/stream_manager.go:40.79,44.16 3 1
github.com/carverauto/gofr-nats/stream_manager.go:44.16,45.50 1 1
github.com/carverauto/gofr-nats/stream_manager.go:45.50,49.4 2 1
github.com/carverauto/gofr-nats/stream_manager.go:51.3,53.13 2 1
github.com/carverauto/gofr-nats/stream_manager.go:56.2,58.12 2 1
github.com/carverauto/gofr-nats/stream_manager.go:61.123,65.16 3 1
github.com/carverauto/gofr-nats/stream_manager.go:65.16,69.3 2 1
github.com/carverauto/gofr-nats/stream_manager.go:71.2,71.20 1 1
github.com/carverauto/gofr-nats/stream_manager.go:74.96,78.16 3 1
github.com/carverauto/gofr-nats/stream_manager.go:78.16,79.50 1 1
github.com/carverauto/gofr-nats/stream_manager.go:79.50,83.4 2 1
github.com/carverauto/gofr-nats/stream_manager.go:85.3,87.18 2 1
github.com/carverauto/gofr-nats/stream_manager.go:90.2,90.20 1 1
github.com/carverauto/gofr-nats/subscription_manager.go:31.66,37.2 1 1
github.com/carverauto/gofr-nats/subscription_manager.go:45.44,48.67 2 1
github.com/carverauto/gofr-nats/subscription_manager.go:48.67,50.3 1 0
github.com/carverauto/gofr-nats/subscription_manager.go:52.2,55.13 3 1
github.com/carverauto/gofr-nats/subscription_manager.go:55.13,57.17 2 1
github.com/carverauto/gofr-nats/subscription_manager.go:57.17,60.4 2 1
github.com/carverauto/gofr-nats/subscription_manager.go:62.3,66.66 4 1
github.com/carverauto/gofr-nats/subscription_manager.go:69.2,73.9 3 1
github.com/carverauto/gofr-nats/subscription_manager.go:74.23,76.18 2 1
github.com/carverauto/gofr-nats/subscription_manager.go:77.20,78.24 1 0
github.com/carverauto/gofr-nats/subscription_manager.go:82.103,83.15 1 1
github.com/carverauto/gofr-nats/subscription_manager.go:83.15,85.3 1 1
github.com/carverauto/gofr-nats/subscription_manager.go:87.2,87.24 1 1
github.com/carverauto/gofr-nats/subscription_manager.go:87.24,89.3 1 1
github.com/carverauto/gofr-nats/subscription_manager.go:91.2,91.12 1 1
github.com/carverauto/gofr-nats/subscription_manager.go:94.85,98.54 3 1
github.com/carverauto/gofr-nats/subscription_manager.go:98.54,100.3 1 1
github.com/carverauto/gofr-nats/subscription_manager.go:102.2,105.15 3 1
github.com/carverauto/gofr-nats/subscription_manager.go:109.102,121.2 3 1
github.com/carverauto/gofr-nats/subscription_manager.go:129.24,131.6 1 1
github.com/carverauto/gofr-nats/subscription_manager.go:131.6,132.10 1 1
github.com/carverauto/gofr-nats/subscription_manager.go:133.21,134.10 1 1
github.com/carverauto/gofr-nats/subscription_manager.go:135.11,137.18 2 1
github.com/carverauto/gofr-nats/subscription_manager.go:137.18,138.50 1 0
github.com/carverauto/gofr-nats/subscription_manager.go:138.50,140.6 1 0
github.com/carverauto/gofr-nats/subscription_manager.go:142.5,144.13 2 0
github.com/carverauto/gofr-nats/subscription_manager.go:147.4,147.37 1 1
github.com/carverauto/gofr-nats/subscription_manager.go:147.37,154.12 6 1
github.com/carverauto/gofr-nats/subscription_manager.go:155.30,155.30 0 1
github.com/carverauto/gofr-nats/subscription_manager.go:157.13,158.127 1 0
github.com/carverauto/gofr-nats/subscription_manager.go:162.4,162.39 1 1
github.com/carverauto/gofr-nats/subscription_manager.go:162.39,164.5 1 0
github.com/carverauto/gofr-nats/subscription_manager.go:169.40,171.39 2 1
github.com/carverauto/gofr-nats/subscription_manager.go:171.39,173.3 1 1
github.com/carverauto/gofr-nats/subscription_manager.go:175.2,179.41 4 1
github.com/carverauto/gofr-nats/subscription_manager.go:179.41,181.3 1 1
github.com/carverauto/gofr-nats/subscription_manager.go:183.2,185.22 2 1
